2024-01-15 09:15:23 [INFO] Application started successfully
2024-01-15 09:15:24 [INFO] Database connection established
2024-01-15 09:15:25 [INFO] Cache server connected
2024-01-15 09:16:10 [DEBUG] Processing user request: GET /api/users
2024-01-15 09:16:11 [INFO] Request completed in 45ms
2024-01-15 09:17:32 [WARN] Slow query detected: SELECT * FROM users WHERE created_at > '2024-01-01'
2024-01-15 09:18:45 [ERROR] Database connection timeout
2024-01-15 09:18:46 [ERROR] Failed to execute query: Connection lost
2024-01-15 09:18:47 [INFO] Attempting to reconnect to database
2024-01-15 09:18:50 [INFO] Database reconnection successful
2024-01-15 09:20:15 [DEBUG] Cache hit for key: user_profile_12345
2024-01-15 09:21:30 [WARN] High memory usage detected: 85%
2024-01-15 09:22:00 [ERROR] OutOfMemoryError in background job processor
2024-01-15 09:22:01 [FATAL] System critical error: Unable to allocate memory
2024-01-15 09:22:05 [INFO] Emergency shutdown initiated
2024-01-15 09:22:06 [INFO] Graceful shutdown in progress
2024-01-15 09:22:10 [INFO] All connections closed
2024-01-15 09:25:00 [INFO] Application restarted
2024-01-15 09:25:01 [INFO] Health check passed
2024-01-15 09:26:15 [DEBUG] Processing batch job: data_export_20240115
2024-01-15 09:27:30 [INFO] Batch job completed successfully
2024-01-15 09:28:45 [WARN] API rate limit approaching: 950/1000 requests
2024-01-15 09:30:00 [ERROR] Authentication failed for user: admin@example.com
2024-01-15 09:30:01 [WARN] Multiple failed login attempts detected
2024-01-15 09:30:15 [ERROR] Invalid API token provided
2024-01-15 09:31:20 [INFO] User session created: session_id=abc123def456
2024-01-15 09:32:00 [DEBUG] Loading configuration from: /etc/app/config.yml
2024-01-15 09:33:15 [ERROR] File not found: /data/exports/report_20240114.csv
2024-01-15 09:33:16 [WARN] Falling back to default export location
2024-01-15 09:34:30 [INFO] Export completed: 1,234 records processed
2024-01-15 09:35:45 [DEBUG] Cleaning up temporary files
2024-01-15 09:36:00 [INFO] Cleanup completed
2024-01-15 09:37:15 [WARN] Deprecated API endpoint called: /api/v1/legacy
2024-01-15 09:38:30 [ERROR] Network timeout while calling external API
2024-01-15 09:38:31 [ERROR] Retry attempt 1/3 failed
2024-01-15 09:38:35 [ERROR] Retry attempt 2/3 failed
2024-01-15 09:38:40 [INFO] Retry attempt 3/3 succeeded
2024-01-15 09:40:00 [INFO] Scheduled task executed: daily_backup
2024-01-15 09:41:15 [FATAL] Critical system component failure: message_queue
2024-01-15 09:41:16 [ERROR] Unable to recover from critical error
2024-01-15 09:41:20 [INFO] Initiating emergency protocol
2024-01-15 09:42:00 [INFO] System stabilized
2024-01-15 09:43:15 [DEBUG] Performance metrics: CPU 45%, Memory 62%, Disk 78%
2024-01-15 09:44:30 [INFO] Application running normally
