2024-01-15 10:23:45 [INFO] Application started successfully
2024-01-15 10:23:46 [INFO] Database connection established
2024-01-15 10:24:12 [INFO] User login: user_id=1001
2024-01-15 10:25:33 [WARNING] High memory usage detected: 85%
2024-01-15 10:26:05 [INFO] Processing request: GET /api/users
2024-01-15 10:26:07 [ERROR] Database connection failed: timeout after 30s
2024-01-15 10:26:08 [ERROR] Failed to fetch user data: connection refused
2024-01-15 10:27:15 [INFO] Retry attempt 1/3
2024-01-15 10:27:16 [INFO] Database connection re-established
2024-01-15 10:28:22 [INFO] Processing request: POST /api/orders
2024-01-15 10:29:45 [WARNING] Slow query detected: 2.5s
2024-01-15 10:30:12 [INFO] Order created successfully: order_id=5001
2024-01-15 10:31:33 [ERROR] Payment gateway timeout: transaction_id=TX123456
2024-01-15 10:32:05 [WARNING] Redis cache miss rate: 45%
2024-01-15 10:33:47 [INFO] Background job started: email_notification
2024-01-15 10:34:12 [INFO] Email sent successfully: recipient=user@example.com
2024-01-15 10:35:28 [ERROR] File not found: /var/app/config/production.yml
2024-01-15 10:36:45 [WARNING] Disk space low: 92% used
2024-01-15 10:37:11 [INFO] Processing request: DELETE /api/cache
2024-01-15 10:38:22 [INFO] Cache cleared successfully
2024-01-15 14:15:33 [ERROR] Authentication failed: invalid credentials
2024-01-15 14:16:05 [WARNING] Multiple failed login attempts: ip=192.168.1.100
2024-01-15 14:16:22 [ERROR] Rate limit exceeded: api_key=abc123
2024-01-15 14:17:45 [INFO] User logout: user_id=1001
2024-01-15 14:18:12 [INFO] Processing request: GET /api/products
2024-01-15 14:19:33 [INFO] Products fetched successfully: count=150
2024-01-15 14:20:05 [ERROR] Database connection failed: too many connections
2024-01-15 14:20:06 [ERROR] Failed to execute query: deadlock detected
2024-01-15 14:21:15 [WARNING] Connection pool exhausted
2024-01-15 14:22:28 [INFO] Scaling up database connections
2024-01-15 14:23:45 [INFO] System resources optimized
2024-01-15 14:24:11 [ERROR] External API call failed: status=500
2024-01-15 14:25:33 [WARNING] Retry queue size: 25 items
2024-01-15 14:26:05 [INFO] Processing retry queue
2024-01-15 14:27:22 [INFO] All retry attempts completed
2024-01-15 14:28:45 [ERROR] Memory allocation failed: out of memory
2024-01-15 14:29:12 [ERROR] Application crashed: segmentation fault
2024-01-15 14:30:05 [INFO] Application restarted by supervisor
2024-01-15 14:31:33 [INFO] Health check passed
2024-01-15 14:32:45 [WARNING] CPU usage spike: 95%
2024-01-15 14:33:11 [INFO] Load balancer redistributing traffic